<?xml version="1.0" encoding="UTF-8"?>
<testsuite xmlns:xsi="http://www.w3.org/2001/XMLSchema-instance" xsi:noNamespaceSchemaLocation="https://maven.apache.org/surefire/maven-surefire-plugin/xsd/surefire-test-report-3.0.xsd" version="3.0" name="com.example.atividades.atividade11.CustomSortTest" time="0.029" tests="4" errors="0" skipped="0" failures="0">
  <properties>
[...]
</properties>
  <testcase name="testCustomSortWithNegativeNumbers" classname="com.example.atividades.atividade11.CustomSortTest" time="0.019"/>
  <testcase name="testCustomSortWithPositiveNumbers" classname="com.example.atividades.atividade11.CustomSortTest" time="0.002"/>
  <testcase name="testCustomSortWithEmptyList" classname="com.example.atividades.atividade11.CustomSortTest" time="0.001"/>
  <testcase name="testCustomSortWithMixedNumbers" classname="com.example.atividades.atividade11.CustomSortTest" time="0.001"/>
</testsuite>